Hmm ... looks like a package
Converting parsed Rd's to LaTeX 
Creating pdf output from LaTeX ...

This is pdfTeX, Version 3.141592653-2.6-1.40.27 (TeX Live 2025) (preloaded format=pdflatex)
 restricted \write18 enabled.
entering extended mode
LaTeX2e <2024-11-01> patch level 2
L3 programming layer <2025-01-18>
(./Rd2.tex
(/usr/local/texlive/2025basic/texmf-dist/tex/latex/base/book.cls
Document Class: book 2024/06/29 v1.4n Standard LaTeX document class
(/usr/local/texlive/2025basic/texmf-dist/tex/latex/base/bk10.clo))
(/Library/Frameworks/R.framework/Resources/share/texmf/tex/latex/Rd.sty
(/usr/local/texlive/2025basic/texmf-dist/tex/latex/base/ifthen.sty)
(/usr/local/texlive/2025basic/texmf-dist/tex/generic/iftex/iftex.sty)
(/usr/local/texlive/2025basic/texmf-dist/tex/latex/tools/longtable.sty)
(/usr/local/texlive/2025basic/texmf-dist/tex/latex/tools/bm.sty)
(/usr/local/texlive/2025basic/texmf-dist/tex/latex/base/alltt.sty)
(/usr/local/texlive/2025basic/texmf-dist/tex/latex/tools/verbatim.sty)
(/usr/local/texlive/2025basic/texmf-dist/tex/latex/url/url.sty)
(/usr/local/texlive/2025basic/texmf-dist/tex/latex/base/textcomp.sty)
(/usr/local/texlive/2025basic/texmf-dist/tex/latex/amsmath/amsmath.sty
For additional information on amsmath, use the `?' option.
(/usr/local/texlive/2025basic/texmf-dist/tex/latex/amsmath/amstext.sty
(/usr/local/texlive/2025basic/texmf-dist/tex/latex/amsmath/amsgen.sty))
(/usr/local/texlive/2025basic/texmf-dist/tex/latex/amsmath/amsbsy.sty)
(/usr/local/texlive/2025basic/texmf-dist/tex/latex/amsmath/amsopn.sty))
(/usr/local/texlive/2025basic/texmf-dist/tex/latex/amsfonts/amsfonts.sty)
(/usr/local/texlive/2025basic/texmf-dist/tex/latex/amsfonts/amssymb.sty)
(/usr/local/texlive/2025basic/texmf-dist/tex/latex/amsfonts/eucal.sty)
(/usr/local/texlive/2025basic/texmf-dist/tex/latex/base/fontenc.sty)
(/usr/local/texlive/2025basic/texmf-dist/tex/latex/psnfss/times.sty)
(/usr/local/texlive/2025basic/texmf-dist/tex/latex/inconsolata/zi4.sty
`inconsolata-zi4' v1.12, 2019/05/17 Text macros for Inconsolata (msharpe)
(/usr/local/texlive/2025basic/texmf-dist/tex/latex/xkeyval/xkeyval.sty
(/usr/local/texlive/2025basic/texmf-dist/tex/generic/xkeyval/xkeyval.tex
(/usr/local/texlive/2025basic/texmf-dist/tex/generic/xkeyval/xkvutils.tex
(/usr/local/texlive/2025basic/texmf-dist/tex/generic/xkeyval/keyval.tex)))))
(/usr/local/texlive/2025basic/texmf-dist/tex/latex/graphics/color.sty
(/usr/local/texlive/2025basic/texmf-dist/tex/latex/graphics-cfg/color.cfg)
(/usr/local/texlive/2025basic/texmf-dist/tex/latex/graphics-def/pdftex.def)
(/usr/local/texlive/2025basic/texmf-dist/tex/latex/graphics/mathcolor.ltx))
(/usr/local/texlive/2025basic/texmf-dist/tex/latex/hyperref/hyperref.sty
(/usr/local/texlive/2025basic/texmf-dist/tex/latex/kvsetkeys/kvsetkeys.sty)
(/usr/local/texlive/2025basic/texmf-dist/tex/generic/kvdefinekeys/kvdefinekeys.
sty)
(/usr/local/texlive/2025basic/texmf-dist/tex/generic/pdfescape/pdfescape.sty
(/usr/local/texlive/2025basic/texmf-dist/tex/generic/ltxcmds/ltxcmds.sty)
(/usr/local/texlive/2025basic/texmf-dist/tex/generic/pdftexcmds/pdftexcmds.sty
(/usr/local/texlive/2025basic/texmf-dist/tex/generic/infwarerr/infwarerr.sty)))
 (/usr/local/texlive/2025basic/texmf-dist/tex/latex/hycolor/hycolor.sty)
(/usr/local/texlive/2025basic/texmf-dist/tex/latex/hyperref/nameref.sty
(/usr/local/texlive/2025basic/texmf-dist/tex/latex/refcount/refcount.sty)
(/usr/local/texlive/2025basic/texmf-dist/tex/generic/gettitlestring/gettitlestr
ing.sty
(/usr/local/texlive/2025basic/texmf-dist/tex/latex/kvoptions/kvoptions.sty)))
(/usr/local/texlive/2025basic/texmf-dist/tex/latex/etoolbox/etoolbox.sty)
(/usr/local/texlive/2025basic/texmf-dist/tex/generic/stringenc/stringenc.sty)
(/usr/local/texlive/2025basic/texmf-dist/tex/latex/hyperref/pd1enc.def)
(/usr/local/texlive/2025basic/texmf-dist/tex/generic/intcalc/intcalc.sty)
(/usr/local/texlive/2025basic/texmf-dist/tex/latex/hyperref/puenc.def)
(/usr/local/texlive/2025basic/texmf-dist/tex/generic/bitset/bitset.sty
(/usr/local/texlive/2025basic/texmf-dist/tex/generic/bigintcalc/bigintcalc.sty)
) (/usr/local/texlive/2025basic/texmf-dist/tex/latex/base/atbegshi-ltx.sty))
(/usr/local/texlive/2025basic/texmf-dist/tex/latex/hyperref/hpdftex.def
(/usr/local/texlive/2025basic/texmf-dist/tex/latex/base/atveryend-ltx.sty)
(/usr/local/texlive/2025basic/texmf-dist/tex/latex/rerunfilecheck/rerunfilechec
k.sty
(/usr/local/texlive/2025basic/texmf-dist/tex/generic/uniquecounter/uniquecounte
r.sty)))) (/usr/local/texlive/2025basic/texmf-dist/tex/latex/base/makeidx.sty)
Writing index file Rd2.idx
(/usr/local/texlive/2025basic/texmf-dist/tex/latex/psnfss/t1ptm.fd)
(/usr/local/texlive/2025basic/texmf-dist/tex/latex/l3backend/l3backend-pdftex.d
ef)
No file Rd2.aux.
(/usr/local/texlive/2025basic/texmf-dist/tex/context/base/mkii/supp-pdf.mkii
[Loading MPS to PDF converter (version 2006.09.02).]
) (/usr/local/texlive/2025basic/texmf-dist/tex/latex/inconsolata/t1zi4.fd)
No file Rd2.toc.
(/usr/local/texlive/2025basic/texmf-dist/tex/latex/amsfonts/umsa.fd)
(/usr/local/texlive/2025basic/texmf-dist/tex/latex/amsfonts/umsb.fd)
[1{/usr/local/texlive/2025basic/texmf-var/fonts/map/pdftex/updmap/pdftex.map}{/
usr/local/texlive/2025basic/texmf-dist/fonts/enc/dvips/base/8r.enc}{/usr/local/
texlive/2025basic/texmf-dist/fonts/enc/dvips/inconsolata/i4-t1-0.enc}]
[2]
Overfull \hbox (8.4896pt too wide) in paragraph at lines 159--161
[]\T1/ptm/m/n/10 Either a []\T1/zi4/m/n/10 SingleCellExperiment[]\T1/ptm/m/n/10
 , a []\T1/zi4/m/n/10 Seurat []\T1/ptm/m/n/10 ob-ject, or a []\T1/zi4/m/n/10 da
ta.frame []\T1/ptm/m/n/10 with columns
(/usr/local/texlive/2025basic/texmf-dist/tex/latex/psnfss/ts1ptm.fd)
[3]
Overfull \hbox (144.0708pt too wide) in paragraph at lines 222--226
\T1/ptm/m/n/10 whu-ber on [][]$\T1/zi4/m/n/10 https : / / stats . stackexchange
 . com / questions / 259208 / how-[]to-[]perform-[]isometric-[]log-[]ratio-[]tr
ansformation$[][]\T1/ptm/m/n/10 . 

[4]
[5]
Overfull \hbox (7.83609pt too wide) in paragraph at lines 382--384
[]\T1/ptm/m/n/10 Simple re-scaling for compositional-like in-ter-pre-ta-tion in
 per-cent-ages. Use-ful for sim-pli-fied Wilcoxon

[6]
Overfull \hbox (7.64pt too wide) in paragraph at lines 429--431
[]\T1/ptm/m/n/10 Which trans-form to ap-ply. One of []\T1/zi4/m/n/10 "CLR"[]\T1
/ptm/m/n/10 , []\T1/zi4/m/n/10 "ALR"[]\T1/ptm/m/n/10 , []\T1/zi4/m/n/10 "ILR"[]
\T1/ptm/m/n/10 , []\T1/zi4/m/n/10 "percent"[]\T1/ptm/m/n/10 , or []\T1/zi4/m/n/
10 "logCPM"[]\T1/ptm/m/n/10 . 

[7]
No file Rd2.ind.

[8]
(/private/var/folders/zc/5fly3ly908xb0pd8zy6m6bj80000gn/T/RtmpbLQdp8/Rd2pdf13ce
3741d12a6/Rd2.aux)

Package rerunfilecheck Warning: File `Rd2.out' has changed.
(rerunfilecheck)                Rerun to get outlines right
(rerunfilecheck)                or use package `bookmark'.

 )
(see the transcript file for additional information)</usr/local/texlive/2025bas
ic/texmf-dist/fonts/type1/public/inconsolata/Inconsolata-zi4r.pfb></usr/local/t
exlive/2025basic/texmf-dist/fonts/type1/public/amsfonts/cm/cmmi10.pfb></usr/loc
al/texlive/2025basic/texmf-dist/fonts/type1/public/amsfonts/cm/cmmi7.pfb></usr/
local/texlive/2025basic/texmf-dist/fonts/type1/public/amsfonts/cm/cmr10.pfb></u
sr/local/texlive/2025basic/texmf-dist/fonts/type1/urw/times/utmb8a.pfb></usr/lo
cal/texlive/2025basic/texmf-dist/fonts/type1/urw/times/utmr8a.pfb></usr/local/t
exlive/2025basic/texmf-dist/fonts/type1/urw/times/utmr8a.pfb></usr/local/texliv
e/2025basic/texmf-dist/fonts/type1/urw/times/utmri8a.pfb>
Output written on Rd2.pdf (8 pages, 116412 bytes).
Transcript written on Rd2.log.
This is makeindex, version 2.17 [TeX Live 2025] (kpathsea + Thai support).
Scanning input file Rd2.idx....done (8 entries accepted, 0 rejected).
Sorting entries....done (22 comparisons).
Generating output file Rd2.ind....done (12 lines written, 0 warnings).
Output written in Rd2.ind.
Transcript written in Rd2.ilg.
This is pdfTeX, Version 3.141592653-2.6-1.40.27 (TeX Live 2025) (preloaded format=pdflatex)
 restricted \write18 enabled.
entering extended mode
LaTeX2e <2024-11-01> patch level 2
L3 programming layer <2025-01-18>
(./Rd2.tex
(/usr/local/texlive/2025basic/texmf-dist/tex/latex/base/book.cls
Document Class: book 2024/06/29 v1.4n Standard LaTeX document class
(/usr/local/texlive/2025basic/texmf-dist/tex/latex/base/bk10.clo))
(/Library/Frameworks/R.framework/Resources/share/texmf/tex/latex/Rd.sty
(/usr/local/texlive/2025basic/texmf-dist/tex/latex/base/ifthen.sty)
(/usr/local/texlive/2025basic/texmf-dist/tex/generic/iftex/iftex.sty)
(/usr/local/texlive/2025basic/texmf-dist/tex/latex/tools/longtable.sty)
(/usr/local/texlive/2025basic/texmf-dist/tex/latex/tools/bm.sty)
(/usr/local/texlive/2025basic/texmf-dist/tex/latex/base/alltt.sty)
(/usr/local/texlive/2025basic/texmf-dist/tex/latex/tools/verbatim.sty)
(/usr/local/texlive/2025basic/texmf-dist/tex/latex/url/url.sty)
(/usr/local/texlive/2025basic/texmf-dist/tex/latex/base/textcomp.sty)
(/usr/local/texlive/2025basic/texmf-dist/tex/latex/amsmath/amsmath.sty
For additional information on amsmath, use the `?' option.
(/usr/local/texlive/2025basic/texmf-dist/tex/latex/amsmath/amstext.sty
(/usr/local/texlive/2025basic/texmf-dist/tex/latex/amsmath/amsgen.sty))
(/usr/local/texlive/2025basic/texmf-dist/tex/latex/amsmath/amsbsy.sty)
(/usr/local/texlive/2025basic/texmf-dist/tex/latex/amsmath/amsopn.sty))
(/usr/local/texlive/2025basic/texmf-dist/tex/latex/amsfonts/amsfonts.sty)
(/usr/local/texlive/2025basic/texmf-dist/tex/latex/amsfonts/amssymb.sty)
(/usr/local/texlive/2025basic/texmf-dist/tex/latex/amsfonts/eucal.sty)
(/usr/local/texlive/2025basic/texmf-dist/tex/latex/base/fontenc.sty)
(/usr/local/texlive/2025basic/texmf-dist/tex/latex/psnfss/times.sty)
(/usr/local/texlive/2025basic/texmf-dist/tex/latex/inconsolata/zi4.sty
`inconsolata-zi4' v1.12, 2019/05/17 Text macros for Inconsolata (msharpe)
(/usr/local/texlive/2025basic/texmf-dist/tex/latex/xkeyval/xkeyval.sty
(/usr/local/texlive/2025basic/texmf-dist/tex/generic/xkeyval/xkeyval.tex
(/usr/local/texlive/2025basic/texmf-dist/tex/generic/xkeyval/xkvutils.tex
(/usr/local/texlive/2025basic/texmf-dist/tex/generic/xkeyval/keyval.tex)))))
(/usr/local/texlive/2025basic/texmf-dist/tex/latex/graphics/color.sty
(/usr/local/texlive/2025basic/texmf-dist/tex/latex/graphics-cfg/color.cfg)
(/usr/local/texlive/2025basic/texmf-dist/tex/latex/graphics-def/pdftex.def)
(/usr/local/texlive/2025basic/texmf-dist/tex/latex/graphics/mathcolor.ltx))
(/usr/local/texlive/2025basic/texmf-dist/tex/latex/hyperref/hyperref.sty
(/usr/local/texlive/2025basic/texmf-dist/tex/latex/kvsetkeys/kvsetkeys.sty)
(/usr/local/texlive/2025basic/texmf-dist/tex/generic/kvdefinekeys/kvdefinekeys.
sty)
(/usr/local/texlive/2025basic/texmf-dist/tex/generic/pdfescape/pdfescape.sty
(/usr/local/texlive/2025basic/texmf-dist/tex/generic/ltxcmds/ltxcmds.sty)
(/usr/local/texlive/2025basic/texmf-dist/tex/generic/pdftexcmds/pdftexcmds.sty
(/usr/local/texlive/2025basic/texmf-dist/tex/generic/infwarerr/infwarerr.sty)))
 (/usr/local/texlive/2025basic/texmf-dist/tex/latex/hycolor/hycolor.sty)
(/usr/local/texlive/2025basic/texmf-dist/tex/latex/hyperref/nameref.sty
(/usr/local/texlive/2025basic/texmf-dist/tex/latex/refcount/refcount.sty)
(/usr/local/texlive/2025basic/texmf-dist/tex/generic/gettitlestring/gettitlestr
ing.sty
(/usr/local/texlive/2025basic/texmf-dist/tex/latex/kvoptions/kvoptions.sty)))
(/usr/local/texlive/2025basic/texmf-dist/tex/latex/etoolbox/etoolbox.sty)
(/usr/local/texlive/2025basic/texmf-dist/tex/generic/stringenc/stringenc.sty)
(/usr/local/texlive/2025basic/texmf-dist/tex/latex/hyperref/pd1enc.def)
(/usr/local/texlive/2025basic/texmf-dist/tex/generic/intcalc/intcalc.sty)
(/usr/local/texlive/2025basic/texmf-dist/tex/latex/hyperref/puenc.def)
(/usr/local/texlive/2025basic/texmf-dist/tex/generic/bitset/bitset.sty
(/usr/local/texlive/2025basic/texmf-dist/tex/generic/bigintcalc/bigintcalc.sty)
) (/usr/local/texlive/2025basic/texmf-dist/tex/latex/base/atbegshi-ltx.sty))
(/usr/local/texlive/2025basic/texmf-dist/tex/latex/hyperref/hpdftex.def
(/usr/local/texlive/2025basic/texmf-dist/tex/latex/base/atveryend-ltx.sty)
(/usr/local/texlive/2025basic/texmf-dist/tex/latex/rerunfilecheck/rerunfilechec
k.sty
(/usr/local/texlive/2025basic/texmf-dist/tex/generic/uniquecounter/uniquecounte
r.sty)))) (/usr/local/texlive/2025basic/texmf-dist/tex/latex/base/makeidx.sty)
Writing index file Rd2.idx
(/usr/local/texlive/2025basic/texmf-dist/tex/latex/psnfss/t1ptm.fd)
(/usr/local/texlive/2025basic/texmf-dist/tex/latex/l3backend/l3backend-pdftex.d
ef)
(/private/var/folders/zc/5fly3ly908xb0pd8zy6m6bj80000gn/T/RtmpbLQdp8/Rd2pdf13ce
3741d12a6/Rd2.aux)
(/usr/local/texlive/2025basic/texmf-dist/tex/context/base/mkii/supp-pdf.mkii
[Loading MPS to PDF converter (version 2006.09.02).]
)
(/private/var/folders/zc/5fly3ly908xb0pd8zy6m6bj80000gn/T/RtmpbLQdp8/Rd2pdf13ce
3741d12a6/Rd2.out)
(/private/var/folders/zc/5fly3ly908xb0pd8zy6m6bj80000gn/T/RtmpbLQdp8/Rd2pdf13ce
3741d12a6/Rd2.out)
(/usr/local/texlive/2025basic/texmf-dist/tex/latex/inconsolata/t1zi4.fd)
(/private/var/folders/zc/5fly3ly908xb0pd8zy6m6bj80000gn/T/RtmpbLQdp8/Rd2pdf13ce
3741d12a6/Rd2.toc
(/usr/local/texlive/2025basic/texmf-dist/tex/latex/amsfonts/umsa.fd)
(/usr/local/texlive/2025basic/texmf-dist/tex/latex/amsfonts/umsb.fd))
[1{/usr/local/texlive/2025basic/texmf-var/fonts/map/pdftex/updmap/pdftex.map}{/
usr/local/texlive/2025basic/texmf-dist/fonts/enc/dvips/base/8r.enc}{/usr/local/
texlive/2025basic/texmf-dist/fonts/enc/dvips/inconsolata/i4-t1-0.enc}]
[2]
Overfull \hbox (8.4896pt too wide) in paragraph at lines 159--161
[]\T1/ptm/m/n/10 Either a []\T1/zi4/m/n/10 SingleCellExperiment[]\T1/ptm/m/n/10
 , a []\T1/zi4/m/n/10 Seurat []\T1/ptm/m/n/10 ob-ject, or a []\T1/zi4/m/n/10 da
ta.frame []\T1/ptm/m/n/10 with columns
(/usr/local/texlive/2025basic/texmf-dist/tex/latex/psnfss/ts1ptm.fd)
[3]
Overfull \hbox (144.0708pt too wide) in paragraph at lines 222--226
\T1/ptm/m/n/10 whu-ber on [][]$\T1/zi4/m/n/10 https : / / stats . stackexchange
 . com / questions / 259208 / how-[]to-[]perform-[]isometric-[]log-[]ratio-[]tr
ansformation$[][]\T1/ptm/m/n/10 . 

[4]
[5]
[6]
Overfull \hbox (7.83609pt too wide) in paragraph at lines 382--384
[]\T1/ptm/m/n/10 Simple re-scaling for compositional-like in-ter-pre-ta-tion in
 per-cent-ages. Use-ful for sim-pli-fied Wilcoxon

[7]
Overfull \hbox (7.64pt too wide) in paragraph at lines 429--431
[]\T1/ptm/m/n/10 Which trans-form to ap-ply. One of []\T1/zi4/m/n/10 "CLR"[]\T1
/ptm/m/n/10 , []\T1/zi4/m/n/10 "ALR"[]\T1/ptm/m/n/10 , []\T1/zi4/m/n/10 "ILR"[]
\T1/ptm/m/n/10 , []\T1/zi4/m/n/10 "percent"[]\T1/ptm/m/n/10 , or []\T1/zi4/m/n/
10 "logCPM"[]\T1/ptm/m/n/10 . 

(/private/var/folders/zc/5fly3ly908xb0pd8zy6m6bj80000gn/T/RtmpbLQdp8/Rd2pdf13ce
3741d12a6/Rd2.ind
[8]

[9])
(/private/var/folders/zc/5fly3ly908xb0pd8zy6m6bj80000gn/T/RtmpbLQdp8/Rd2pdf13ce
3741d12a6/Rd2.aux)

Package rerunfilecheck Warning: File `Rd2.out' has changed.
(rerunfilecheck)                Rerun to get outlines right
(rerunfilecheck)                or use package `bookmark'.

 )
(see the transcript file for additional information)</usr/local/texlive/2025bas
ic/texmf-dist/fonts/type1/public/inconsolata/Inconsolata-zi4r.pfb></usr/local/t
exlive/2025basic/texmf-dist/fonts/type1/public/amsfonts/cm/cmmi10.pfb></usr/loc
al/texlive/2025basic/texmf-dist/fonts/type1/public/amsfonts/cm/cmmi7.pfb></usr/
local/texlive/2025basic/texmf-dist/fonts/type1/public/amsfonts/cm/cmr10.pfb></u
sr/local/texlive/2025basic/texmf-dist/fonts/type1/urw/times/utmb8a.pfb></usr/lo
cal/texlive/2025basic/texmf-dist/fonts/type1/urw/times/utmr8a.pfb></usr/local/t
exlive/2025basic/texmf-dist/fonts/type1/urw/times/utmr8a.pfb></usr/local/texliv
e/2025basic/texmf-dist/fonts/type1/urw/times/utmri8a.pfb>
Output written on Rd2.pdf (9 pages, 118541 bytes).
Transcript written on Rd2.log.
This is makeindex, version 2.17 [TeX Live 2025] (kpathsea + Thai support).
Scanning input file Rd2.idx....done (8 entries accepted, 0 rejected).
Sorting entries....done (22 comparisons).
Generating output file Rd2.ind....done (12 lines written, 0 warnings).
Output written in Rd2.ind.
Transcript written in Rd2.ilg.
This is pdfTeX, Version 3.141592653-2.6-1.40.27 (TeX Live 2025) (preloaded format=pdflatex)
 restricted \write18 enabled.
entering extended mode
LaTeX2e <2024-11-01> patch level 2
L3 programming layer <2025-01-18>
(./Rd2.tex
(/usr/local/texlive/2025basic/texmf-dist/tex/latex/base/book.cls
Document Class: book 2024/06/29 v1.4n Standard LaTeX document class
(/usr/local/texlive/2025basic/texmf-dist/tex/latex/base/bk10.clo))
(/Library/Frameworks/R.framework/Resources/share/texmf/tex/latex/Rd.sty
(/usr/local/texlive/2025basic/texmf-dist/tex/latex/base/ifthen.sty)
(/usr/local/texlive/2025basic/texmf-dist/tex/generic/iftex/iftex.sty)
(/usr/local/texlive/2025basic/texmf-dist/tex/latex/tools/longtable.sty)
(/usr/local/texlive/2025basic/texmf-dist/tex/latex/tools/bm.sty)
(/usr/local/texlive/2025basic/texmf-dist/tex/latex/base/alltt.sty)
(/usr/local/texlive/2025basic/texmf-dist/tex/latex/tools/verbatim.sty)
(/usr/local/texlive/2025basic/texmf-dist/tex/latex/url/url.sty)
(/usr/local/texlive/2025basic/texmf-dist/tex/latex/base/textcomp.sty)
(/usr/local/texlive/2025basic/texmf-dist/tex/latex/amsmath/amsmath.sty
For additional information on amsmath, use the `?' option.
(/usr/local/texlive/2025basic/texmf-dist/tex/latex/amsmath/amstext.sty
(/usr/local/texlive/2025basic/texmf-dist/tex/latex/amsmath/amsgen.sty))
(/usr/local/texlive/2025basic/texmf-dist/tex/latex/amsmath/amsbsy.sty)
(/usr/local/texlive/2025basic/texmf-dist/tex/latex/amsmath/amsopn.sty))
(/usr/local/texlive/2025basic/texmf-dist/tex/latex/amsfonts/amsfonts.sty)
(/usr/local/texlive/2025basic/texmf-dist/tex/latex/amsfonts/amssymb.sty)
(/usr/local/texlive/2025basic/texmf-dist/tex/latex/amsfonts/eucal.sty)
(/usr/local/texlive/2025basic/texmf-dist/tex/latex/base/fontenc.sty)
(/usr/local/texlive/2025basic/texmf-dist/tex/latex/psnfss/times.sty)
(/usr/local/texlive/2025basic/texmf-dist/tex/latex/inconsolata/zi4.sty
`inconsolata-zi4' v1.12, 2019/05/17 Text macros for Inconsolata (msharpe)
(/usr/local/texlive/2025basic/texmf-dist/tex/latex/xkeyval/xkeyval.sty
(/usr/local/texlive/2025basic/texmf-dist/tex/generic/xkeyval/xkeyval.tex
(/usr/local/texlive/2025basic/texmf-dist/tex/generic/xkeyval/xkvutils.tex
(/usr/local/texlive/2025basic/texmf-dist/tex/generic/xkeyval/keyval.tex)))))
(/usr/local/texlive/2025basic/texmf-dist/tex/latex/graphics/color.sty
(/usr/local/texlive/2025basic/texmf-dist/tex/latex/graphics-cfg/color.cfg)
(/usr/local/texlive/2025basic/texmf-dist/tex/latex/graphics-def/pdftex.def)
(/usr/local/texlive/2025basic/texmf-dist/tex/latex/graphics/mathcolor.ltx))
(/usr/local/texlive/2025basic/texmf-dist/tex/latex/hyperref/hyperref.sty
(/usr/local/texlive/2025basic/texmf-dist/tex/latex/kvsetkeys/kvsetkeys.sty)
(/usr/local/texlive/2025basic/texmf-dist/tex/generic/kvdefinekeys/kvdefinekeys.
sty)
(/usr/local/texlive/2025basic/texmf-dist/tex/generic/pdfescape/pdfescape.sty
(/usr/local/texlive/2025basic/texmf-dist/tex/generic/ltxcmds/ltxcmds.sty)
(/usr/local/texlive/2025basic/texmf-dist/tex/generic/pdftexcmds/pdftexcmds.sty
(/usr/local/texlive/2025basic/texmf-dist/tex/generic/infwarerr/infwarerr.sty)))
 (/usr/local/texlive/2025basic/texmf-dist/tex/latex/hycolor/hycolor.sty)
(/usr/local/texlive/2025basic/texmf-dist/tex/latex/hyperref/nameref.sty
(/usr/local/texlive/2025basic/texmf-dist/tex/latex/refcount/refcount.sty)
(/usr/local/texlive/2025basic/texmf-dist/tex/generic/gettitlestring/gettitlestr
ing.sty
(/usr/local/texlive/2025basic/texmf-dist/tex/latex/kvoptions/kvoptions.sty)))
(/usr/local/texlive/2025basic/texmf-dist/tex/latex/etoolbox/etoolbox.sty)
(/usr/local/texlive/2025basic/texmf-dist/tex/generic/stringenc/stringenc.sty)
(/usr/local/texlive/2025basic/texmf-dist/tex/latex/hyperref/pd1enc.def)
(/usr/local/texlive/2025basic/texmf-dist/tex/generic/intcalc/intcalc.sty)
(/usr/local/texlive/2025basic/texmf-dist/tex/latex/hyperref/puenc.def)
(/usr/local/texlive/2025basic/texmf-dist/tex/generic/bitset/bitset.sty
(/usr/local/texlive/2025basic/texmf-dist/tex/generic/bigintcalc/bigintcalc.sty)
) (/usr/local/texlive/2025basic/texmf-dist/tex/latex/base/atbegshi-ltx.sty))
(/usr/local/texlive/2025basic/texmf-dist/tex/latex/hyperref/hpdftex.def
(/usr/local/texlive/2025basic/texmf-dist/tex/latex/base/atveryend-ltx.sty)
(/usr/local/texlive/2025basic/texmf-dist/tex/latex/rerunfilecheck/rerunfilechec
k.sty
(/usr/local/texlive/2025basic/texmf-dist/tex/generic/uniquecounter/uniquecounte
r.sty)))) (/usr/local/texlive/2025basic/texmf-dist/tex/latex/base/makeidx.sty)
Writing index file Rd2.idx
(/usr/local/texlive/2025basic/texmf-dist/tex/latex/psnfss/t1ptm.fd)
(/usr/local/texlive/2025basic/texmf-dist/tex/latex/l3backend/l3backend-pdftex.d
ef)
(/private/var/folders/zc/5fly3ly908xb0pd8zy6m6bj80000gn/T/RtmpbLQdp8/Rd2pdf13ce
3741d12a6/Rd2.aux)
(/usr/local/texlive/2025basic/texmf-dist/tex/context/base/mkii/supp-pdf.mkii
[Loading MPS to PDF converter (version 2006.09.02).]
)
(/private/var/folders/zc/5fly3ly908xb0pd8zy6m6bj80000gn/T/RtmpbLQdp8/Rd2pdf13ce
3741d12a6/Rd2.out)
(/private/var/folders/zc/5fly3ly908xb0pd8zy6m6bj80000gn/T/RtmpbLQdp8/Rd2pdf13ce
3741d12a6/Rd2.out)
(/usr/local/texlive/2025basic/texmf-dist/tex/latex/inconsolata/t1zi4.fd)
(/private/var/folders/zc/5fly3ly908xb0pd8zy6m6bj80000gn/T/RtmpbLQdp8/Rd2pdf13ce
3741d12a6/Rd2.toc
(/usr/local/texlive/2025basic/texmf-dist/tex/latex/amsfonts/umsa.fd)
(/usr/local/texlive/2025basic/texmf-dist/tex/latex/amsfonts/umsb.fd))
[1{/usr/local/texlive/2025basic/texmf-var/fonts/map/pdftex/updmap/pdftex.map}{/
usr/local/texlive/2025basic/texmf-dist/fonts/enc/dvips/base/8r.enc}{/usr/local/
texlive/2025basic/texmf-dist/fonts/enc/dvips/inconsolata/i4-t1-0.enc}]
[2]
[3]
Overfull \hbox (8.4896pt too wide) in paragraph at lines 159--161
[]\T1/ptm/m/n/10 Either a []\T1/zi4/m/n/10 SingleCellExperiment[]\T1/ptm/m/n/10
 , a []\T1/zi4/m/n/10 Seurat []\T1/ptm/m/n/10 ob-ject, or a []\T1/zi4/m/n/10 da
ta.frame []\T1/ptm/m/n/10 with columns
(/usr/local/texlive/2025basic/texmf-dist/tex/latex/psnfss/ts1ptm.fd)
[4]
Overfull \hbox (144.0708pt too wide) in paragraph at lines 222--226
\T1/ptm/m/n/10 whu-ber on [][]$\T1/zi4/m/n/10 https : / / stats . stackexchange
 . com / questions / 259208 / how-[]to-[]perform-[]isometric-[]log-[]ratio-[]tr
ansformation$[][]\T1/ptm/m/n/10 . 

[5]
[6]
Overfull \hbox (7.83609pt too wide) in paragraph at lines 382--384
[]\T1/ptm/m/n/10 Simple re-scaling for compositional-like in-ter-pre-ta-tion in
 per-cent-ages. Use-ful for sim-pli-fied Wilcoxon

[7]
Overfull \hbox (7.64pt too wide) in paragraph at lines 429--431
[]\T1/ptm/m/n/10 Which trans-form to ap-ply. One of []\T1/zi4/m/n/10 "CLR"[]\T1
/ptm/m/n/10 , []\T1/zi4/m/n/10 "ALR"[]\T1/ptm/m/n/10 , []\T1/zi4/m/n/10 "ILR"[]
\T1/ptm/m/n/10 , []\T1/zi4/m/n/10 "percent"[]\T1/ptm/m/n/10 , or []\T1/zi4/m/n/
10 "logCPM"[]\T1/ptm/m/n/10 . 

[8]
(/private/var/folders/zc/5fly3ly908xb0pd8zy6m6bj80000gn/T/RtmpbLQdp8/Rd2pdf13ce
3741d12a6/Rd2.ind
[9]

[10])
(/private/var/folders/zc/5fly3ly908xb0pd8zy6m6bj80000gn/T/RtmpbLQdp8/Rd2pdf13ce
3741d12a6/Rd2.aux) )
(see the transcript file for additional information)</usr/local/texlive/2025bas
ic/texmf-dist/fonts/type1/public/inconsolata/Inconsolata-zi4r.pfb></usr/local/t
exlive/2025basic/texmf-dist/fonts/type1/public/amsfonts/cm/cmmi10.pfb></usr/loc
al/texlive/2025basic/texmf-dist/fonts/type1/public/amsfonts/cm/cmmi7.pfb></usr/
local/texlive/2025basic/texmf-dist/fonts/type1/public/amsfonts/cm/cmr10.pfb></u
sr/local/texlive/2025basic/texmf-dist/fonts/type1/urw/times/utmb8a.pfb></usr/lo
cal/texlive/2025basic/texmf-dist/fonts/type1/urw/times/utmr8a.pfb></usr/local/t
exlive/2025basic/texmf-dist/fonts/type1/urw/times/utmr8a.pfb></usr/local/texliv
e/2025basic/texmf-dist/fonts/type1/urw/times/utmri8a.pfb>
Output written on Rd2.pdf (10 pages, 119138 bytes).
Transcript written on Rd2.log.
This is makeindex, version 2.17 [TeX Live 2025] (kpathsea + Thai support).
Scanning input file Rd2.idx....done (8 entries accepted, 0 rejected).
Sorting entries....done (22 comparisons).
Generating output file Rd2.ind....done (12 lines written, 0 warnings).
Output written in Rd2.ind.
Transcript written in Rd2.ilg.
This is pdfTeX, Version 3.141592653-2.6-1.40.27 (TeX Live 2025) (preloaded format=pdflatex)
 restricted \write18 enabled.
entering extended mode
LaTeX2e <2024-11-01> patch level 2
L3 programming layer <2025-01-18>
(./Rd2.tex
(/usr/local/texlive/2025basic/texmf-dist/tex/latex/base/book.cls
Document Class: book 2024/06/29 v1.4n Standard LaTeX document class
(/usr/local/texlive/2025basic/texmf-dist/tex/latex/base/bk10.clo))
(/Library/Frameworks/R.framework/Resources/share/texmf/tex/latex/Rd.sty
(/usr/local/texlive/2025basic/texmf-dist/tex/latex/base/ifthen.sty)
(/usr/local/texlive/2025basic/texmf-dist/tex/generic/iftex/iftex.sty)
(/usr/local/texlive/2025basic/texmf-dist/tex/latex/tools/longtable.sty)
(/usr/local/texlive/2025basic/texmf-dist/tex/latex/tools/bm.sty)
(/usr/local/texlive/2025basic/texmf-dist/tex/latex/base/alltt.sty)
(/usr/local/texlive/2025basic/texmf-dist/tex/latex/tools/verbatim.sty)
(/usr/local/texlive/2025basic/texmf-dist/tex/latex/url/url.sty)
(/usr/local/texlive/2025basic/texmf-dist/tex/latex/base/textcomp.sty)
(/usr/local/texlive/2025basic/texmf-dist/tex/latex/amsmath/amsmath.sty
For additional information on amsmath, use the `?' option.
(/usr/local/texlive/2025basic/texmf-dist/tex/latex/amsmath/amstext.sty
(/usr/local/texlive/2025basic/texmf-dist/tex/latex/amsmath/amsgen.sty))
(/usr/local/texlive/2025basic/texmf-dist/tex/latex/amsmath/amsbsy.sty)
(/usr/local/texlive/2025basic/texmf-dist/tex/latex/amsmath/amsopn.sty))
(/usr/local/texlive/2025basic/texmf-dist/tex/latex/amsfonts/amsfonts.sty)
(/usr/local/texlive/2025basic/texmf-dist/tex/latex/amsfonts/amssymb.sty)
(/usr/local/texlive/2025basic/texmf-dist/tex/latex/amsfonts/eucal.sty)
(/usr/local/texlive/2025basic/texmf-dist/tex/latex/base/fontenc.sty)
(/usr/local/texlive/2025basic/texmf-dist/tex/latex/psnfss/times.sty)
(/usr/local/texlive/2025basic/texmf-dist/tex/latex/inconsolata/zi4.sty
`inconsolata-zi4' v1.12, 2019/05/17 Text macros for Inconsolata (msharpe)
(/usr/local/texlive/2025basic/texmf-dist/tex/latex/xkeyval/xkeyval.sty
(/usr/local/texlive/2025basic/texmf-dist/tex/generic/xkeyval/xkeyval.tex
(/usr/local/texlive/2025basic/texmf-dist/tex/generic/xkeyval/xkvutils.tex
(/usr/local/texlive/2025basic/texmf-dist/tex/generic/xkeyval/keyval.tex)))))
(/usr/local/texlive/2025basic/texmf-dist/tex/latex/graphics/color.sty
(/usr/local/texlive/2025basic/texmf-dist/tex/latex/graphics-cfg/color.cfg)
(/usr/local/texlive/2025basic/texmf-dist/tex/latex/graphics-def/pdftex.def)
(/usr/local/texlive/2025basic/texmf-dist/tex/latex/graphics/mathcolor.ltx))
(/usr/local/texlive/2025basic/texmf-dist/tex/latex/hyperref/hyperref.sty
(/usr/local/texlive/2025basic/texmf-dist/tex/latex/kvsetkeys/kvsetkeys.sty)
(/usr/local/texlive/2025basic/texmf-dist/tex/generic/kvdefinekeys/kvdefinekeys.
sty)
(/usr/local/texlive/2025basic/texmf-dist/tex/generic/pdfescape/pdfescape.sty
(/usr/local/texlive/2025basic/texmf-dist/tex/generic/ltxcmds/ltxcmds.sty)
(/usr/local/texlive/2025basic/texmf-dist/tex/generic/pdftexcmds/pdftexcmds.sty
(/usr/local/texlive/2025basic/texmf-dist/tex/generic/infwarerr/infwarerr.sty)))
 (/usr/local/texlive/2025basic/texmf-dist/tex/latex/hycolor/hycolor.sty)
(/usr/local/texlive/2025basic/texmf-dist/tex/latex/hyperref/nameref.sty
(/usr/local/texlive/2025basic/texmf-dist/tex/latex/refcount/refcount.sty)
(/usr/local/texlive/2025basic/texmf-dist/tex/generic/gettitlestring/gettitlestr
ing.sty
(/usr/local/texlive/2025basic/texmf-dist/tex/latex/kvoptions/kvoptions.sty)))
(/usr/local/texlive/2025basic/texmf-dist/tex/latex/etoolbox/etoolbox.sty)
(/usr/local/texlive/2025basic/texmf-dist/tex/generic/stringenc/stringenc.sty)
(/usr/local/texlive/2025basic/texmf-dist/tex/latex/hyperref/pd1enc.def)
(/usr/local/texlive/2025basic/texmf-dist/tex/generic/intcalc/intcalc.sty)
(/usr/local/texlive/2025basic/texmf-dist/tex/latex/hyperref/puenc.def)
(/usr/local/texlive/2025basic/texmf-dist/tex/generic/bitset/bitset.sty
(/usr/local/texlive/2025basic/texmf-dist/tex/generic/bigintcalc/bigintcalc.sty)
) (/usr/local/texlive/2025basic/texmf-dist/tex/latex/base/atbegshi-ltx.sty))
(/usr/local/texlive/2025basic/texmf-dist/tex/latex/hyperref/hpdftex.def
(/usr/local/texlive/2025basic/texmf-dist/tex/latex/base/atveryend-ltx.sty)
(/usr/local/texlive/2025basic/texmf-dist/tex/latex/rerunfilecheck/rerunfilechec
k.sty
(/usr/local/texlive/2025basic/texmf-dist/tex/generic/uniquecounter/uniquecounte
r.sty)))) (/usr/local/texlive/2025basic/texmf-dist/tex/latex/base/makeidx.sty)
Writing index file Rd2.idx
(/usr/local/texlive/2025basic/texmf-dist/tex/latex/psnfss/t1ptm.fd)
(/usr/local/texlive/2025basic/texmf-dist/tex/latex/l3backend/l3backend-pdftex.d
ef)
(/private/var/folders/zc/5fly3ly908xb0pd8zy6m6bj80000gn/T/RtmpbLQdp8/Rd2pdf13ce
3741d12a6/Rd2.aux)
(/usr/local/texlive/2025basic/texmf-dist/tex/context/base/mkii/supp-pdf.mkii
[Loading MPS to PDF converter (version 2006.09.02).]
)
(/private/var/folders/zc/5fly3ly908xb0pd8zy6m6bj80000gn/T/RtmpbLQdp8/Rd2pdf13ce
3741d12a6/Rd2.out)
(/private/var/folders/zc/5fly3ly908xb0pd8zy6m6bj80000gn/T/RtmpbLQdp8/Rd2pdf13ce
3741d12a6/Rd2.out)
(/usr/local/texlive/2025basic/texmf-dist/tex/latex/inconsolata/t1zi4.fd)
(/private/var/folders/zc/5fly3ly908xb0pd8zy6m6bj80000gn/T/RtmpbLQdp8/Rd2pdf13ce
3741d12a6/Rd2.toc
(/usr/local/texlive/2025basic/texmf-dist/tex/latex/amsfonts/umsa.fd)
(/usr/local/texlive/2025basic/texmf-dist/tex/latex/amsfonts/umsb.fd))
[1{/usr/local/texlive/2025basic/texmf-var/fonts/map/pdftex/updmap/pdftex.map}{/
usr/local/texlive/2025basic/texmf-dist/fonts/enc/dvips/base/8r.enc}{/usr/local/
texlive/2025basic/texmf-dist/fonts/enc/dvips/inconsolata/i4-t1-0.enc}]
[2]
[3]
Overfull \hbox (8.4896pt too wide) in paragraph at lines 159--161
[]\T1/ptm/m/n/10 Either a []\T1/zi4/m/n/10 SingleCellExperiment[]\T1/ptm/m/n/10
 , a []\T1/zi4/m/n/10 Seurat []\T1/ptm/m/n/10 ob-ject, or a []\T1/zi4/m/n/10 da
ta.frame []\T1/ptm/m/n/10 with columns
(/usr/local/texlive/2025basic/texmf-dist/tex/latex/psnfss/ts1ptm.fd)
[4]
Overfull \hbox (144.0708pt too wide) in paragraph at lines 222--226
\T1/ptm/m/n/10 whu-ber on [][]$\T1/zi4/m/n/10 https : / / stats . stackexchange
 . com / questions / 259208 / how-[]to-[]perform-[]isometric-[]log-[]ratio-[]tr
ansformation$[][]\T1/ptm/m/n/10 . 

[5]
[6]
Overfull \hbox (7.83609pt too wide) in paragraph at lines 382--384
[]\T1/ptm/m/n/10 Simple re-scaling for compositional-like in-ter-pre-ta-tion in
 per-cent-ages. Use-ful for sim-pli-fied Wilcoxon

[7]
Overfull \hbox (7.64pt too wide) in paragraph at lines 429--431
[]\T1/ptm/m/n/10 Which trans-form to ap-ply. One of []\T1/zi4/m/n/10 "CLR"[]\T1
/ptm/m/n/10 , []\T1/zi4/m/n/10 "ALR"[]\T1/ptm/m/n/10 , []\T1/zi4/m/n/10 "ILR"[]
\T1/ptm/m/n/10 , []\T1/zi4/m/n/10 "percent"[]\T1/ptm/m/n/10 , or []\T1/zi4/m/n/
10 "logCPM"[]\T1/ptm/m/n/10 . 

[8]
(/private/var/folders/zc/5fly3ly908xb0pd8zy6m6bj80000gn/T/RtmpbLQdp8/Rd2pdf13ce
3741d12a6/Rd2.ind
[9]

[10])
(/private/var/folders/zc/5fly3ly908xb0pd8zy6m6bj80000gn/T/RtmpbLQdp8/Rd2pdf13ce
3741d12a6/Rd2.aux) )
(see the transcript file for additional information)</usr/local/texlive/2025bas
ic/texmf-dist/fonts/type1/public/inconsolata/Inconsolata-zi4r.pfb></usr/local/t
exlive/2025basic/texmf-dist/fonts/type1/public/amsfonts/cm/cmmi10.pfb></usr/loc
al/texlive/2025basic/texmf-dist/fonts/type1/public/amsfonts/cm/cmmi7.pfb></usr/
local/texlive/2025basic/texmf-dist/fonts/type1/public/amsfonts/cm/cmr10.pfb></u
sr/local/texlive/2025basic/texmf-dist/fonts/type1/urw/times/utmb8a.pfb></usr/lo
cal/texlive/2025basic/texmf-dist/fonts/type1/urw/times/utmr8a.pfb></usr/local/t
exlive/2025basic/texmf-dist/fonts/type1/urw/times/utmr8a.pfb></usr/local/texliv
e/2025basic/texmf-dist/fonts/type1/urw/times/utmri8a.pfb>
Output written on Rd2.pdf (10 pages, 119196 bytes).
Transcript written on Rd2.log.
Saving output to ‘SETA-manual.pdf’ ...
Done
You may want to clean up by 'rm -Rf /var/folders/zc/5fly3ly908xb0pd8zy6m6bj80000gn/T//RtmpbLQdp8/Rd2pdf13ce3741d12a6'
